<?xml version="1.0" encoding="UTF-8"?>
<testsuite name="br.com.challenge.modules.person.controller.PersonControllerTest" tests="6" skipped="0" failures="0" errors="0" timestamp="2022-09-16T01:28:27" hostname="pop-os" time="0.026">
  <properties/>
  <testcase name="FindAllPageable Return List Of When SuccessFull" classname="br.com.challenge.modules.person.controller.PersonControllerTest" time="0.005"/>
  <testcase name="Update Person When SucessFull" classname="br.com.challenge.modules.person.controller.PersonControllerTest" time="0.004"/>
  <testcase name="Delete Remove Person When SuccessFull" classname="br.com.challenge.modules.person.controller.PersonControllerTest" time="0.003"/>
  <testcase name="Saved Persist Person When SucessFull" classname="br.com.challenge.modules.person.controller.PersonControllerTest" time="0.004"/>
  <testcase name="FindById Return Person When SuccessFull" classname="br.com.challenge.modules.person.controller.PersonControllerTest" time="0.003"/>
  <testcase name="FindAllNonPageable Return List Of When SuccessFull" classname="br.com.challenge.modules.person.controller.PersonControllerTest" time="0.002"/>
  <system-out><![CDATA[2022-09-15 22:28:27.254  INFO 21736 --- [    Test worker] o.s.t.c.s.DefaultTestContextBootstrapper : Neither @ContextConfiguration nor @ContextHierarchy found for test class [br.com.challenge.modules.person.controller.PersonControllerTest], using DelegatingSmartContextLoader
2022-09-15 22:28:27.254  INFO 21736 --- [    Test worker] o.s.t.c.support.AbstractContextLoader    : Could not detect default resource locations for test class [br.com.challenge.modules.person.controller.PersonControllerTest]: no resource found for suffixes {-context.xml}.
2022-09-15 22:28:27.255  INFO 21736 --- [    Test worker] t.c.s.AnnotationConfigContextLoaderUtils : Could not detect default configuration classes for test class [br.com.challenge.modules.person.controller.PersonControllerTest]: PersonControllerTest does not declare any static, non-private, non-final, nested classes annotated with @Configuration.
2022-09-15 22:28:27.255  INFO 21736 --- [    Test worker] o.s.t.c.s.DefaultTestContextBootstrapper : Loaded default TestExecutionListener class names from location [META-INF/spring.factories]: [org.springframework.boot.test.autoconfigure.restdocs.RestDocsTestExecutionListener, org.springframework.boot.test.autoconfigure.web.client.MockRestServiceServerResetTestExecutionListener, org.springframework.boot.test.autoconfigure.web.servlet.MockMvcPrintOnlyOnFailureTestExecutionListener, org.springframework.boot.test.autoconfigure.web.servlet.WebDriverTestExecutionListener, org.springframework.boot.test.autoconfigure.webservices.client.MockWebServiceServerTestExecutionListener, org.springframework.boot.test.mock.mockito.MockitoTestExecutionListener, org.springframework.boot.test.mock.mockito.ResetMocksTestExecutionListener, org.springframework.test.context.web.ServletTestExecutionListener, org.springframework.test.context.support.DirtiesContextBeforeModesTestExecutionListener, org.springframework.test.context.event.ApplicationEventsTestExecutionListener, org.springframework.test.context.support.DependencyInjectionTestExecutionListener, org.springframework.test.context.support.DirtiesContextTestExecutionListener, org.springframework.test.context.transaction.TransactionalTestExecutionListener, org.springframework.test.context.jdbc.SqlScriptsTestExecutionListener, org.springframework.test.context.event.EventPublishingTestExecutionListener]
2022-09-15 22:28:27.255  INFO 21736 --- [    Test worker] o.s.t.c.s.DefaultTestContextBootstrapper : Using TestExecutionListeners: [org.springframework.test.context.web.ServletTestExecutionListener@65b07b9, org.springframework.test.context.support.DirtiesContextBeforeModesTestExecutionListener@7dbe858f, org.springframework.test.context.event.ApplicationEventsTestExecutionListener@387ef6a7, org.springframework.boot.test.mock.mockito.MockitoTestExecutionListener@2330c995, org.springframework.test.context.support.DependencyInjectionTestExecutionListener@7d086485, org.springframework.test.context.support.DirtiesContextTestExecutionListener@74130456, org.springframework.test.context.transaction.TransactionalTestExecutionListener@3b171fbd, org.springframework.test.context.jdbc.SqlScriptsTestExecutionListener@1ece052b, org.springframework.test.context.event.EventPublishingTestExecutionListener@20dc763b, org.springframework.boot.test.autoconfigure.restdocs.RestDocsTestExecutionListener@4c81e7c2, org.springframework.boot.test.autoconfigure.web.client.MockRestServiceServerResetTestExecutionListener@4fe8e318, org.springframework.boot.test.autoconfigure.web.servlet.MockMvcPrintOnlyOnFailureTestExecutionListener@21e15093, org.springframework.boot.test.autoconfigure.web.servlet.WebDriverTestExecutionListener@62cf873a, org.springframework.boot.test.autoconfigure.webservices.client.MockWebServiceServerTestExecutionListener@21b3d356, org.springframework.boot.test.mock.mockito.ResetMocksTestExecutionListener@294b045b]
]]></system-out>
  <system-err><![CDATA[]]></system-err>
</testsuite>
