<?xml version="1.0" encoding="UTF-8"?>
<testsuite name="br.com.challenge.modules.person.service.PersonServiceTest" tests="6" skipped="0" failures="0" errors="0" timestamp="2022-09-15T19:07:19" hostname="pop-os" time="0.02">
  <properties/>
  <testcase name="FindAllPageable Return List Of When SuccessFull" classname="br.com.challenge.modules.person.service.PersonServiceTest" time="0.003"/>
  <testcase name="Update Person When SucessFull" classname="br.com.challenge.modules.person.service.PersonServiceTest" time="0.003"/>
  <testcase name="FindByFullNameAndCpf Return List Of When SuccessFull" classname="br.com.challenge.modules.person.service.PersonServiceTest" time="0.003"/>
  <testcase name="Delete Remove Person When SuccessFull" classname="br.com.challenge.modules.person.service.PersonServiceTest" time="0.003"/>
  <testcase name="Saved Persist Person When SucessFull" classname="br.com.challenge.modules.person.service.PersonServiceTest" time="0.002"/>
  <testcase name="FindAllNonPageable Return List Of When SuccessFull" classname="br.com.challenge.modules.person.service.PersonServiceTest" time="0.003"/>
  <system-out><![CDATA[2022-09-15 16:07:19.810  INFO 119750 --- [    Test worker] o.s.t.c.s.DefaultTestContextBootstrapper : Neither @ContextConfiguration nor @ContextHierarchy found for test class [br.com.challenge.modules.person.service.PersonServiceTest], using DelegatingSmartContextLoader
2022-09-15 16:07:19.810  INFO 119750 --- [    Test worker] o.s.t.c.support.AbstractContextLoader    : Could not detect default resource locations for test class [br.com.challenge.modules.person.service.PersonServiceTest]: no resource found for suffixes {-context.xml}.
2022-09-15 16:07:19.810  INFO 119750 --- [    Test worker] t.c.s.AnnotationConfigContextLoaderUtils : Could not detect default configuration classes for test class [br.com.challenge.modules.person.service.PersonServiceTest]: PersonServiceTest does not declare any static, non-private, non-final, nested classes annotated with @Configuration.
2022-09-15 16:07:19.811  INFO 119750 --- [    Test worker] o.s.t.c.s.DefaultTestContextBootstrapper : Loaded default TestExecutionListener class names from location [META-INF/spring.factories]: [org.springframework.boot.test.autoconfigure.restdocs.RestDocsTestExecutionListener, org.springframework.boot.test.autoconfigure.web.client.MockRestServiceServerResetTestExecutionListener, org.springframework.boot.test.autoconfigure.web.servlet.MockMvcPrintOnlyOnFailureTestExecutionListener, org.springframework.boot.test.autoconfigure.web.servlet.WebDriverTestExecutionListener, org.springframework.boot.test.autoconfigure.webservices.client.MockWebServiceServerTestExecutionListener, org.springframework.boot.test.mock.mockito.MockitoTestExecutionListener, org.springframework.boot.test.mock.mockito.ResetMocksTestExecutionListener, org.springframework.test.context.web.ServletTestExecutionListener, org.springframework.test.context.support.DirtiesContextBeforeModesTestExecutionListener, org.springframework.test.context.event.ApplicationEventsTestExecutionListener, org.springframework.test.context.support.DependencyInjectionTestExecutionListener, org.springframework.test.context.support.DirtiesContextTestExecutionListener, org.springframework.test.context.transaction.TransactionalTestExecutionListener, org.springframework.test.context.jdbc.SqlScriptsTestExecutionListener, org.springframework.test.context.event.EventPublishingTestExecutionListener]
2022-09-15 16:07:19.811  INFO 119750 --- [    Test worker] o.s.t.c.s.DefaultTestContextBootstrapper : Using TestExecutionListeners: [org.springframework.test.context.web.ServletTestExecutionListener@6ce1cc03, org.springframework.test.context.support.DirtiesContextBeforeModesTestExecutionListener@b1e63b5, org.springframework.test.context.event.ApplicationEventsTestExecutionListener@186537ac, org.springframework.boot.test.mock.mockito.MockitoTestExecutionListener@4733662d, org.springframework.test.context.support.DependencyInjectionTestExecutionListener@25502b1c, org.springframework.test.context.support.DirtiesContextTestExecutionListener@5dabe7c8, org.springframework.test.context.transaction.TransactionalTestExecutionListener@6c427386, org.springframework.test.context.jdbc.SqlScriptsTestExecutionListener@301c622d, org.springframework.test.context.event.EventPublishingTestExecutionListener@14b0b7f9, org.springframework.boot.test.autoconfigure.restdocs.RestDocsTestExecutionListener@16a78700, org.springframework.boot.test.autoconfigure.web.client.MockRestServiceServerResetTestExecutionListener@69860811, org.springframework.boot.test.autoconfigure.web.servlet.MockMvcPrintOnlyOnFailureTestExecutionListener@3ad80206, org.springframework.boot.test.autoconfigure.web.servlet.WebDriverTestExecutionListener@2b4675db, org.springframework.boot.test.autoconfigure.webservices.client.MockWebServiceServerTestExecutionListener@1737834, org.springframework.boot.test.mock.mockito.ResetMocksTestExecutionListener@58ec3e8b]
]]></system-out>
  <system-err><![CDATA[]]></system-err>
</testsuite>
