<?xml version="1.0" encoding="UTF-8"?>
<testsuite name="br.com.challenge.modules.security.service.UserDetailsServiceImplTest" tests="1" skipped="0" failures="0" errors="0" timestamp="2022-09-15T22:41:18" hostname="pop-os" time="0.002">
  <properties/>
  <testcase name="loadUserByUsername When SucessFull" classname="br.com.challenge.modules.security.service.UserDetailsServiceImplTest" time="0.002"/>
  <system-out><![CDATA[2022-09-15 19:41:18.621  INFO 159290 --- [    Test worker] o.s.t.c.s.DefaultTestContextBootstrapper : Neither @ContextConfiguration nor @ContextHierarchy found for test class [br.com.challenge.modules.security.service.UserDetailsServiceImplTest], using DelegatingSmartContextLoader
2022-09-15 19:41:18.621  INFO 159290 --- [    Test worker] o.s.t.c.support.AbstractContextLoader    : Could not detect default resource locations for test class [br.com.challenge.modules.security.service.UserDetailsServiceImplTest]: no resource found for suffixes {-context.xml}.
2022-09-15 19:41:18.622  INFO 159290 --- [    Test worker] t.c.s.AnnotationConfigContextLoaderUtils : Could not detect default configuration classes for test class [br.com.challenge.modules.security.service.UserDetailsServiceImplTest]: UserDetailsServiceImplTest does not declare any static, non-private, non-final, nested classes annotated with @Configuration.
2022-09-15 19:41:18.622  INFO 159290 --- [    Test worker] o.s.t.c.s.DefaultTestContextBootstrapper : Loaded default TestExecutionListener class names from location [META-INF/spring.factories]: [org.springframework.boot.test.autoconfigure.restdocs.RestDocsTestExecutionListener, org.springframework.boot.test.autoconfigure.web.client.MockRestServiceServerResetTestExecutionListener, org.springframework.boot.test.autoconfigure.web.servlet.MockMvcPrintOnlyOnFailureTestExecutionListener, org.springframework.boot.test.autoconfigure.web.servlet.WebDriverTestExecutionListener, org.springframework.boot.test.autoconfigure.webservices.client.MockWebServiceServerTestExecutionListener, org.springframework.boot.test.mock.mockito.MockitoTestExecutionListener, org.springframework.boot.test.mock.mockito.ResetMocksTestExecutionListener, org.springframework.test.context.web.ServletTestExecutionListener, org.springframework.test.context.support.DirtiesContextBeforeModesTestExecutionListener, org.springframework.test.context.event.ApplicationEventsTestExecutionListener, org.springframework.test.context.support.DependencyInjectionTestExecutionListener, org.springframework.test.context.support.DirtiesContextTestExecutionListener, org.springframework.test.context.transaction.TransactionalTestExecutionListener, org.springframework.test.context.jdbc.SqlScriptsTestExecutionListener, org.springframework.test.context.event.EventPublishingTestExecutionListener]
2022-09-15 19:41:18.622  INFO 159290 --- [    Test worker] o.s.t.c.s.DefaultTestContextBootstrapper : Using TestExecutionListeners: [org.springframework.test.context.web.ServletTestExecutionListener@2b33e616, org.springframework.test.context.support.DirtiesContextBeforeModesTestExecutionListener@c1d9c40, org.springframework.test.context.event.ApplicationEventsTestExecutionListener@79e3f444, org.springframework.boot.test.mock.mockito.MockitoTestExecutionListener@205d6f84, org.springframework.test.context.support.DependencyInjectionTestExecutionListener@14ea3ecf, org.springframework.test.context.support.DirtiesContextTestExecutionListener@74f54f8e, org.springframework.test.context.transaction.TransactionalTestExecutionListener@1252d480, org.springframework.test.context.jdbc.SqlScriptsTestExecutionListener@59b8a801, org.springframework.test.context.event.EventPublishingTestExecutionListener@1c61f9bf, org.springframework.boot.test.autoconfigure.restdocs.RestDocsTestExecutionListener@42365c82, org.springframework.boot.test.autoconfigure.web.client.MockRestServiceServerResetTestExecutionListener@46c47690, org.springframework.boot.test.autoconfigure.web.servlet.MockMvcPrintOnlyOnFailureTestExecutionListener@5aa026e9, org.springframework.boot.test.autoconfigure.web.servlet.WebDriverTestExecutionListener@499f9003, org.springframework.boot.test.autoconfigure.webservices.client.MockWebServiceServerTestExecutionListener@39bd07fe, org.springframework.boot.test.mock.mockito.ResetMocksTestExecutionListener@5ca896af]
]]></system-out>
  <system-err><![CDATA[]]></system-err>
</testsuite>
