<?xml version="1.0" encoding="UTF-8"?>
<testsuite name="UserDetailsServiceImplTest" tests="7" skipped="0" failures="0" errors="0" timestamp="2022-09-15T19:07:19" hostname="pop-os" time="0.018">
  <properties/>
  <testcase name="getPassword()" classname="br.com.challenge.modules.person.entity.PersonTest" time="0.002"/>
  <testcase name="getAuthorities()" classname="br.com.challenge.modules.person.entity.PersonTest" time="0.001"/>
  <testcase name="isAccountNonExpired()" classname="br.com.challenge.modules.person.entity.PersonTest" time="0.002"/>
  <testcase name="isCredentialsNonExpired()" classname="br.com.challenge.modules.person.entity.PersonTest" time="0.002"/>
  <testcase name="isAccountNonLocked()" classname="br.com.challenge.modules.person.entity.PersonTest" time="0.002"/>
  <testcase name="getUsername()" classname="br.com.challenge.modules.person.entity.PersonTest" time="0.001"/>
  <testcase name="isEnabled()" classname="br.com.challenge.modules.person.entity.PersonTest" time="0.002"/>
  <system-out><![CDATA[2022-09-15 16:07:19.669  INFO 119750 --- [    Test worker] o.s.t.c.s.DefaultTestContextBootstrapper : Neither @ContextConfiguration nor @ContextHierarchy found for test class [br.com.challenge.modules.person.entity.PersonTest], using DelegatingSmartContextLoader
2022-09-15 16:07:19.669  INFO 119750 --- [    Test worker] o.s.t.c.support.AbstractContextLoader    : Could not detect default resource locations for test class [br.com.challenge.modules.person.entity.PersonTest]: no resource found for suffixes {-context.xml}.
2022-09-15 16:07:19.669  INFO 119750 --- [    Test worker] t.c.s.AnnotationConfigContextLoaderUtils : Could not detect default configuration classes for test class [br.com.challenge.modules.person.entity.PersonTest]: PersonTest does not declare any static, non-private, non-final, nested classes annotated with @Configuration.
2022-09-15 16:07:19.670  INFO 119750 --- [    Test worker] o.s.t.c.s.DefaultTestContextBootstrapper : Loaded default TestExecutionListener class names from location [META-INF/spring.factories]: [org.springframework.boot.test.autoconfigure.restdocs.RestDocsTestExecutionListener, org.springframework.boot.test.autoconfigure.web.client.MockRestServiceServerResetTestExecutionListener, org.springframework.boot.test.autoconfigure.web.servlet.MockMvcPrintOnlyOnFailureTestExecutionListener, org.springframework.boot.test.autoconfigure.web.servlet.WebDriverTestExecutionListener, org.springframework.boot.test.autoconfigure.webservices.client.MockWebServiceServerTestExecutionListener, org.springframework.boot.test.mock.mockito.MockitoTestExecutionListener, org.springframework.boot.test.mock.mockito.ResetMocksTestExecutionListener, org.springframework.test.context.web.ServletTestExecutionListener, org.springframework.test.context.support.DirtiesContextBeforeModesTestExecutionListener, org.springframework.test.context.event.ApplicationEventsTestExecutionListener, org.springframework.test.context.support.DependencyInjectionTestExecutionListener, org.springframework.test.context.support.DirtiesContextTestExecutionListener, org.springframework.test.context.transaction.TransactionalTestExecutionListener, org.springframework.test.context.jdbc.SqlScriptsTestExecutionListener, org.springframework.test.context.event.EventPublishingTestExecutionListener]
2022-09-15 16:07:19.670  INFO 119750 --- [    Test worker] o.s.t.c.s.DefaultTestContextBootstrapper : Using TestExecutionListeners: [org.springframework.test.context.web.ServletTestExecutionListener@7860a014, org.springframework.test.context.support.DirtiesContextBeforeModesTestExecutionListener@86e8469, org.springframework.test.context.event.ApplicationEventsTestExecutionListener@76b6bad3, org.springframework.boot.test.mock.mockito.MockitoTestExecutionListener@e38d655, org.springframework.test.context.support.DependencyInjectionTestExecutionListener@7325b786, org.springframework.test.context.support.DirtiesContextTestExecutionListener@f943847, org.springframework.test.context.transaction.TransactionalTestExecutionListener@4c376b44, org.springframework.test.context.jdbc.SqlScriptsTestExecutionListener@47596e9, org.springframework.test.context.event.EventPublishingTestExecutionListener@5ab29866, org.springframework.boot.test.autoconfigure.restdocs.RestDocsTestExecutionListener@74cad577, org.springframework.boot.test.autoconfigure.web.client.MockRestServiceServerResetTestExecutionListener@350ede1, org.springframework.boot.test.autoconfigure.web.servlet.MockMvcPrintOnlyOnFailureTestExecutionListener@2bbaf1bc, org.springframework.boot.test.autoconfigure.web.servlet.WebDriverTestExecutionListener@65852d05, org.springframework.boot.test.autoconfigure.webservices.client.MockWebServiceServerTestExecutionListener@47462daf, org.springframework.boot.test.mock.mockito.ResetMocksTestExecutionListener@43fdef43]
]]></system-out>
  <system-err><![CDATA[]]></system-err>
</testsuite>
