<?xml version="1.0" encoding="UTF-8"?>
<testsuite name="UserDetailsServiceImplTest" tests="7" skipped="0" failures="0" errors="0" timestamp="2022-09-15T22:41:18" hostname="pop-os" time="0.014">
  <properties/>
  <testcase name="getPassword()" classname="br.com.challenge.modules.person.entity.PersonTest" time="0.002"/>
  <testcase name="getAuthorities()" classname="br.com.challenge.modules.person.entity.PersonTest" time="0.001"/>
  <testcase name="isAccountNonExpired()" classname="br.com.challenge.modules.person.entity.PersonTest" time="0.001"/>
  <testcase name="isCredentialsNonExpired()" classname="br.com.challenge.modules.person.entity.PersonTest" time="0.001"/>
  <testcase name="isAccountNonLocked()" classname="br.com.challenge.modules.person.entity.PersonTest" time="0.002"/>
  <testcase name="getUsername()" classname="br.com.challenge.modules.person.entity.PersonTest" time="0.002"/>
  <testcase name="isEnabled()" classname="br.com.challenge.modules.person.entity.PersonTest" time="0.001"/>
  <system-out><![CDATA[2022-09-15 19:41:18.382  INFO 159290 --- [    Test worker] o.s.t.c.s.DefaultTestContextBootstrapper : Neither @ContextConfiguration nor @ContextHierarchy found for test class [br.com.challenge.modules.person.entity.PersonTest], using DelegatingSmartContextLoader
2022-09-15 19:41:18.382  INFO 159290 --- [    Test worker] o.s.t.c.support.AbstractContextLoader    : Could not detect default resource locations for test class [br.com.challenge.modules.person.entity.PersonTest]: no resource found for suffixes {-context.xml}.
2022-09-15 19:41:18.382  INFO 159290 --- [    Test worker] t.c.s.AnnotationConfigContextLoaderUtils : Could not detect default configuration classes for test class [br.com.challenge.modules.person.entity.PersonTest]: PersonTest does not declare any static, non-private, non-final, nested classes annotated with @Configuration.
2022-09-15 19:41:18.382  INFO 159290 --- [    Test worker] o.s.t.c.s.DefaultTestContextBootstrapper : Loaded default TestExecutionListener class names from location [META-INF/spring.factories]: [org.springframework.boot.test.autoconfigure.restdocs.RestDocsTestExecutionListener, org.springframework.boot.test.autoconfigure.web.client.MockRestServiceServerResetTestExecutionListener, org.springframework.boot.test.autoconfigure.web.servlet.MockMvcPrintOnlyOnFailureTestExecutionListener, org.springframework.boot.test.autoconfigure.web.servlet.WebDriverTestExecutionListener, org.springframework.boot.test.autoconfigure.webservices.client.MockWebServiceServerTestExecutionListener, org.springframework.boot.test.mock.mockito.MockitoTestExecutionListener, org.springframework.boot.test.mock.mockito.ResetMocksTestExecutionListener, org.springframework.test.context.web.ServletTestExecutionListener, org.springframework.test.context.support.DirtiesContextBeforeModesTestExecutionListener, org.springframework.test.context.event.ApplicationEventsTestExecutionListener, org.springframework.test.context.support.DependencyInjectionTestExecutionListener, org.springframework.test.context.support.DirtiesContextTestExecutionListener, org.springframework.test.context.transaction.TransactionalTestExecutionListener, org.springframework.test.context.jdbc.SqlScriptsTestExecutionListener, org.springframework.test.context.event.EventPublishingTestExecutionListener]
2022-09-15 19:41:18.383  INFO 159290 --- [    Test worker] o.s.t.c.s.DefaultTestContextBootstrapper : Using TestExecutionListeners: [org.springframework.test.context.web.ServletTestExecutionListener@66075347, org.springframework.test.context.support.DirtiesContextBeforeModesTestExecutionListener@3b45a3e6, org.springframework.test.context.event.ApplicationEventsTestExecutionListener@7927209f, org.springframework.boot.test.mock.mockito.MockitoTestExecutionListener@283595db, org.springframework.test.context.support.DependencyInjectionTestExecutionListener@747476f1, org.springframework.test.context.support.DirtiesContextTestExecutionListener@6238b10a, org.springframework.test.context.transaction.TransactionalTestExecutionListener@225b460a, org.springframework.test.context.jdbc.SqlScriptsTestExecutionListener@26c494d7, org.springframework.test.context.event.EventPublishingTestExecutionListener@71d0ad00, org.springframework.boot.test.autoconfigure.restdocs.RestDocsTestExecutionListener@56c7e2d1, org.springframework.boot.test.autoconfigure.web.client.MockRestServiceServerResetTestExecutionListener@2e549515, org.springframework.boot.test.autoconfigure.web.servlet.MockMvcPrintOnlyOnFailureTestExecutionListener@2c34ce24, org.springframework.boot.test.autoconfigure.web.servlet.WebDriverTestExecutionListener@58f8ce0f, org.springframework.boot.test.autoconfigure.webservices.client.MockWebServiceServerTestExecutionListener@31406eab, org.springframework.boot.test.mock.mockito.ResetMocksTestExecutionListener@3bb6b9ab]
]]></system-out>
  <system-err><![CDATA[]]></system-err>
</testsuite>
