<?xml version="1.0" encoding="UTF-8"?>
<testsuite name="br.com.challenge.modules.account.service.AccountServiceTest" tests="4" skipped="0" failures="0" errors="0" timestamp="2022-09-15T22:41:18" hostname="pop-os" time="0.02">
  <properties/>
  <testcase name="Transfer Persist Account When SucessFull" classname="br.com.challenge.modules.account.service.AccountServiceTest" time="0.006"/>
  <testcase name="Saved Persist Account When SucessFull" classname="br.com.challenge.modules.account.service.AccountServiceTest" time="0.005"/>
  <testcase name="Withdraw Persist Account When SucessFull" classname="br.com.challenge.modules.account.service.AccountServiceTest" time="0.003"/>
  <testcase name="Deposit Persist Account When SucessFull" classname="br.com.challenge.modules.account.service.AccountServiceTest" time="0.003"/>
  <system-out><![CDATA[2022-09-15 19:41:18.266  INFO 159290 --- [    Test worker] o.s.t.c.s.DefaultTestContextBootstrapper : Neither @ContextConfiguration nor @ContextHierarchy found for test class [br.com.challenge.modules.account.service.AccountServiceTest], using DelegatingSmartContextLoader
2022-09-15 19:41:18.266  INFO 159290 --- [    Test worker] o.s.t.c.support.AbstractContextLoader    : Could not detect default resource locations for test class [br.com.challenge.modules.account.service.AccountServiceTest]: no resource found for suffixes {-context.xml}.
2022-09-15 19:41:18.266  INFO 159290 --- [    Test worker] t.c.s.AnnotationConfigContextLoaderUtils : Could not detect default configuration classes for test class [br.com.challenge.modules.account.service.AccountServiceTest]: AccountServiceTest does not declare any static, non-private, non-final, nested classes annotated with @Configuration.
2022-09-15 19:41:18.267  INFO 159290 --- [    Test worker] o.s.t.c.s.DefaultTestContextBootstrapper : Loaded default TestExecutionListener class names from location [META-INF/spring.factories]: [org.springframework.boot.test.autoconfigure.restdocs.RestDocsTestExecutionListener, org.springframework.boot.test.autoconfigure.web.client.MockRestServiceServerResetTestExecutionListener, org.springframework.boot.test.autoconfigure.web.servlet.MockMvcPrintOnlyOnFailureTestExecutionListener, org.springframework.boot.test.autoconfigure.web.servlet.WebDriverTestExecutionListener, org.springframework.boot.test.autoconfigure.webservices.client.MockWebServiceServerTestExecutionListener, org.springframework.boot.test.mock.mockito.MockitoTestExecutionListener, org.springframework.boot.test.mock.mockito.ResetMocksTestExecutionListener, org.springframework.test.context.web.ServletTestExecutionListener, org.springframework.test.context.support.DirtiesContextBeforeModesTestExecutionListener, org.springframework.test.context.event.ApplicationEventsTestExecutionListener, org.springframework.test.context.support.DependencyInjectionTestExecutionListener, org.springframework.test.context.support.DirtiesContextTestExecutionListener, org.springframework.test.context.transaction.TransactionalTestExecutionListener, org.springframework.test.context.jdbc.SqlScriptsTestExecutionListener, org.springframework.test.context.event.EventPublishingTestExecutionListener]
2022-09-15 19:41:18.267  INFO 159290 --- [    Test worker] o.s.t.c.s.DefaultTestContextBootstrapper : Using TestExecutionListeners: [org.springframework.test.context.web.ServletTestExecutionListener@1e8b0ab5, org.springframework.test.context.support.DirtiesContextBeforeModesTestExecutionListener@7ef34eb3, org.springframework.test.context.event.ApplicationEventsTestExecutionListener@2719139f, org.springframework.boot.test.mock.mockito.MockitoTestExecutionListener@5dfc7b3f, org.springframework.test.context.support.DependencyInjectionTestExecutionListener@1b641c97, org.springframework.test.context.support.DirtiesContextTestExecutionListener@7f065f9e, org.springframework.test.context.transaction.TransactionalTestExecutionListener@106c3e0a, org.springframework.test.context.jdbc.SqlScriptsTestExecutionListener@2e778abb, org.springframework.test.context.event.EventPublishingTestExecutionListener@154cbb46, org.springframework.boot.test.autoconfigure.restdocs.RestDocsTestExecutionListener@58fbecde, org.springframework.boot.test.autoconfigure.web.client.MockRestServiceServerResetTestExecutionListener@299615a5, org.springframework.boot.test.autoconfigure.web.servlet.MockMvcPrintOnlyOnFailureTestExecutionListener@3ba6707e, org.springframework.boot.test.autoconfigure.web.servlet.WebDriverTestExecutionListener@4b407ac7, org.springframework.boot.test.autoconfigure.webservices.client.MockWebServiceServerTestExecutionListener@4c5ae26d, org.springframework.boot.test.mock.mockito.ResetMocksTestExecutionListener@5578ed7e]
]]></system-out>
  <system-err><![CDATA[]]></system-err>
</testsuite>
