<?xml version="1.0" encoding="UTF-8"?>
<testsuite name="br.com.challenge.modules.account.service.AccountServiceTest" tests="4" skipped="0" failures="0" errors="0" timestamp="2022-09-16T01:28:27" hostname="pop-os" time="0.026">
  <properties/>
  <testcase name="Transfer Persist Account When SucessFull" classname="br.com.challenge.modules.account.service.AccountServiceTest" time="0.006"/>
  <testcase name="Saved Persist Account When SucessFull" classname="br.com.challenge.modules.account.service.AccountServiceTest" time="0.007"/>
  <testcase name="Withdraw Persist Account When SucessFull" classname="br.com.challenge.modules.account.service.AccountServiceTest" time="0.004"/>
  <testcase name="Deposit Persist Account When SucessFull" classname="br.com.challenge.modules.account.service.AccountServiceTest" time="0.004"/>
  <system-out><![CDATA[2022-09-15 22:28:27.183  INFO 21736 --- [    Test worker] o.s.t.c.s.DefaultTestContextBootstrapper : Neither @ContextConfiguration nor @ContextHierarchy found for test class [br.com.challenge.modules.account.service.AccountServiceTest], using DelegatingSmartContextLoader
2022-09-15 22:28:27.184  INFO 21736 --- [    Test worker] o.s.t.c.support.AbstractContextLoader    : Could not detect default resource locations for test class [br.com.challenge.modules.account.service.AccountServiceTest]: no resource found for suffixes {-context.xml}.
2022-09-15 22:28:27.184  INFO 21736 --- [    Test worker] t.c.s.AnnotationConfigContextLoaderUtils : Could not detect default configuration classes for test class [br.com.challenge.modules.account.service.AccountServiceTest]: AccountServiceTest does not declare any static, non-private, non-final, nested classes annotated with @Configuration.
2022-09-15 22:28:27.185  INFO 21736 --- [    Test worker] o.s.t.c.s.DefaultTestContextBootstrapper : Loaded default TestExecutionListener class names from location [META-INF/spring.factories]: [org.springframework.boot.test.autoconfigure.restdocs.RestDocsTestExecutionListener, org.springframework.boot.test.autoconfigure.web.client.MockRestServiceServerResetTestExecutionListener, org.springframework.boot.test.autoconfigure.web.servlet.MockMvcPrintOnlyOnFailureTestExecutionListener, org.springframework.boot.test.autoconfigure.web.servlet.WebDriverTestExecutionListener, org.springframework.boot.test.autoconfigure.webservices.client.MockWebServiceServerTestExecutionListener, org.springframework.boot.test.mock.mockito.MockitoTestExecutionListener, org.springframework.boot.test.mock.mockito.ResetMocksTestExecutionListener, org.springframework.test.context.web.ServletTestExecutionListener, org.springframework.test.context.support.DirtiesContextBeforeModesTestExecutionListener, org.springframework.test.context.event.ApplicationEventsTestExecutionListener, org.springframework.test.context.support.DependencyInjectionTestExecutionListener, org.springframework.test.context.support.DirtiesContextTestExecutionListener, org.springframework.test.context.transaction.TransactionalTestExecutionListener, org.springframework.test.context.jdbc.SqlScriptsTestExecutionListener, org.springframework.test.context.event.EventPublishingTestExecutionListener]
2022-09-15 22:28:27.185  INFO 21736 --- [    Test worker] o.s.t.c.s.DefaultTestContextBootstrapper : Using TestExecutionListeners: [org.springframework.test.context.web.ServletTestExecutionListener@57c7ec30, org.springframework.test.context.support.DirtiesContextBeforeModesTestExecutionListener@729de0e1, org.springframework.test.context.event.ApplicationEventsTestExecutionListener@2c8c42c, org.springframework.boot.test.mock.mockito.MockitoTestExecutionListener@5032b2e, org.springframework.test.context.support.DependencyInjectionTestExecutionListener@6d4df1d2, org.springframework.test.context.support.DirtiesContextTestExecutionListener@70ca8e72, org.springframework.test.context.transaction.TransactionalTestExecutionListener@34e7cde3, org.springframework.test.context.jdbc.SqlScriptsTestExecutionListener@2821da0a, org.springframework.test.context.event.EventPublishingTestExecutionListener@2ae07dbd, org.springframework.boot.test.autoconfigure.restdocs.RestDocsTestExecutionListener@e7ddf8d, org.springframework.boot.test.autoconfigure.web.client.MockRestServiceServerResetTestExecutionListener@47f8374, org.springframework.boot.test.autoconfigure.web.servlet.MockMvcPrintOnlyOnFailureTestExecutionListener@22a8e87b, org.springframework.boot.test.autoconfigure.web.servlet.WebDriverTestExecutionListener@b8c6406, org.springframework.boot.test.autoconfigure.webservices.client.MockWebServiceServerTestExecutionListener@6bed434d, org.springframework.boot.test.mock.mockito.ResetMocksTestExecutionListener@13f10967]
]]></system-out>
  <system-err><![CDATA[]]></system-err>
</testsuite>
