<?xml version="1.0" encoding="UTF-8"?>
<testsuite name="br.com.challenge.modules.security.controller.AuthControllerTest" tests="2" skipped="0" failures="0" errors="0" timestamp="2022-09-15T22:41:18" hostname="pop-os" time="0.005">
  <properties/>
  <testcase name="Login When SucessFull" classname="br.com.challenge.modules.security.controller.AuthControllerTest" time="0.003"/>
  <testcase name="Login When Failed" classname="br.com.challenge.modules.security.controller.AuthControllerTest" time="0.002"/>
  <system-out><![CDATA[2022-09-15 19:41:18.589  INFO 159290 --- [    Test worker] o.s.t.c.s.DefaultTestContextBootstrapper : Neither @ContextConfiguration nor @ContextHierarchy found for test class [br.com.challenge.modules.security.controller.AuthControllerTest], using DelegatingSmartContextLoader
2022-09-15 19:41:18.590  INFO 159290 --- [    Test worker] o.s.t.c.support.AbstractContextLoader    : Could not detect default resource locations for test class [br.com.challenge.modules.security.controller.AuthControllerTest]: no resource found for suffixes {-context.xml}.
2022-09-15 19:41:18.590  INFO 159290 --- [    Test worker] t.c.s.AnnotationConfigContextLoaderUtils : Could not detect default configuration classes for test class [br.com.challenge.modules.security.controller.AuthControllerTest]: AuthControllerTest does not declare any static, non-private, non-final, nested classes annotated with @Configuration.
2022-09-15 19:41:18.590  INFO 159290 --- [    Test worker] o.s.t.c.s.DefaultTestContextBootstrapper : Loaded default TestExecutionListener class names from location [META-INF/spring.factories]: [org.springframework.boot.test.autoconfigure.restdocs.RestDocsTestExecutionListener, org.springframework.boot.test.autoconfigure.web.client.MockRestServiceServerResetTestExecutionListener, org.springframework.boot.test.autoconfigure.web.servlet.MockMvcPrintOnlyOnFailureTestExecutionListener, org.springframework.boot.test.autoconfigure.web.servlet.WebDriverTestExecutionListener, org.springframework.boot.test.autoconfigure.webservices.client.MockWebServiceServerTestExecutionListener, org.springframework.boot.test.mock.mockito.MockitoTestExecutionListener, org.springframework.boot.test.mock.mockito.ResetMocksTestExecutionListener, org.springframework.test.context.web.ServletTestExecutionListener, org.springframework.test.context.support.DirtiesContextBeforeModesTestExecutionListener, org.springframework.test.context.event.ApplicationEventsTestExecutionListener, org.springframework.test.context.support.DependencyInjectionTestExecutionListener, org.springframework.test.context.support.DirtiesContextTestExecutionListener, org.springframework.test.context.transaction.TransactionalTestExecutionListener, org.springframework.test.context.jdbc.SqlScriptsTestExecutionListener, org.springframework.test.context.event.EventPublishingTestExecutionListener]
2022-09-15 19:41:18.590  INFO 159290 --- [    Test worker] o.s.t.c.s.DefaultTestContextBootstrapper : Using TestExecutionListeners: [org.springframework.test.context.web.ServletTestExecutionListener@5eaa6f76, org.springframework.test.context.support.DirtiesContextBeforeModesTestExecutionListener@3fc105dd, org.springframework.test.context.event.ApplicationEventsTestExecutionListener@35129b9e, org.springframework.boot.test.mock.mockito.MockitoTestExecutionListener@2f4bc3ff, org.springframework.test.context.support.DependencyInjectionTestExecutionListener@2297c8bf, org.springframework.test.context.support.DirtiesContextTestExecutionListener@154fcedd, org.springframework.test.context.transaction.TransactionalTestExecutionListener@34a06981, org.springframework.test.context.jdbc.SqlScriptsTestExecutionListener@458500d1, org.springframework.test.context.event.EventPublishingTestExecutionListener@59cbeaee, org.springframework.boot.test.autoconfigure.restdocs.RestDocsTestExecutionListener@3299ee2c, org.springframework.boot.test.autoconfigure.web.client.MockRestServiceServerResetTestExecutionListener@542759f, org.springframework.boot.test.autoconfigure.web.servlet.MockMvcPrintOnlyOnFailureTestExecutionListener@68ac6e6e, org.springframework.boot.test.autoconfigure.web.servlet.WebDriverTestExecutionListener@6eb6750f, org.springframework.boot.test.autoconfigure.webservices.client.MockWebServiceServerTestExecutionListener@13231e7b, org.springframework.boot.test.mock.mockito.ResetMocksTestExecutionListener@55b7f0d]
]]></system-out>
  <system-err><![CDATA[]]></system-err>
</testsuite>
