<?xml version="1.0" encoding="UTF-8"?>
<testsuite name="br.com.challenge.modules.person.service.PersonServiceTest" tests="6" skipped="0" failures="0" errors="0" timestamp="2022-09-16T01:28:27" hostname="pop-os" time="0.027">
  <properties/>
  <testcase name="FindAllPageable Return List Of When SuccessFull" classname="br.com.challenge.modules.person.service.PersonServiceTest" time="0.003"/>
  <testcase name="Update Person When SucessFull" classname="br.com.challenge.modules.person.service.PersonServiceTest" time="0.004"/>
  <testcase name="FindByFullNameAndCpf Return List Of When SuccessFull" classname="br.com.challenge.modules.person.service.PersonServiceTest" time="0.004"/>
  <testcase name="Delete Remove Person When SuccessFull" classname="br.com.challenge.modules.person.service.PersonServiceTest" time="0.004"/>
  <testcase name="Saved Persist Person When SucessFull" classname="br.com.challenge.modules.person.service.PersonServiceTest" time="0.004"/>
  <testcase name="FindAllNonPageable Return List Of When SuccessFull" classname="br.com.challenge.modules.person.service.PersonServiceTest" time="0.003"/>
  <system-out><![CDATA[2022-09-15 22:28:27.427  INFO 21736 --- [    Test worker] o.s.t.c.s.DefaultTestContextBootstrapper : Neither @ContextConfiguration nor @ContextHierarchy found for test class [br.com.challenge.modules.person.service.PersonServiceTest], using DelegatingSmartContextLoader
2022-09-15 22:28:27.428  INFO 21736 --- [    Test worker] o.s.t.c.support.AbstractContextLoader    : Could not detect default resource locations for test class [br.com.challenge.modules.person.service.PersonServiceTest]: no resource found for suffixes {-context.xml}.
2022-09-15 22:28:27.428  INFO 21736 --- [    Test worker] t.c.s.AnnotationConfigContextLoaderUtils : Could not detect default configuration classes for test class [br.com.challenge.modules.person.service.PersonServiceTest]: PersonServiceTest does not declare any static, non-private, non-final, nested classes annotated with @Configuration.
2022-09-15 22:28:27.428  INFO 21736 --- [    Test worker] o.s.t.c.s.DefaultTestContextBootstrapper : Loaded default TestExecutionListener class names from location [META-INF/spring.factories]: [org.springframework.boot.test.autoconfigure.restdocs.RestDocsTestExecutionListener, org.springframework.boot.test.autoconfigure.web.client.MockRestServiceServerResetTestExecutionListener, org.springframework.boot.test.autoconfigure.web.servlet.MockMvcPrintOnlyOnFailureTestExecutionListener, org.springframework.boot.test.autoconfigure.web.servlet.WebDriverTestExecutionListener, org.springframework.boot.test.autoconfigure.webservices.client.MockWebServiceServerTestExecutionListener, org.springframework.boot.test.mock.mockito.MockitoTestExecutionListener, org.springframework.boot.test.mock.mockito.ResetMocksTestExecutionListener, org.springframework.test.context.web.ServletTestExecutionListener, org.springframework.test.context.support.DirtiesContextBeforeModesTestExecutionListener, org.springframework.test.context.event.ApplicationEventsTestExecutionListener, org.springframework.test.context.support.DependencyInjectionTestExecutionListener, org.springframework.test.context.support.DirtiesContextTestExecutionListener, org.springframework.test.context.transaction.TransactionalTestExecutionListener, org.springframework.test.context.jdbc.SqlScriptsTestExecutionListener, org.springframework.test.context.event.EventPublishingTestExecutionListener]
2022-09-15 22:28:27.428  INFO 21736 --- [    Test worker] o.s.t.c.s.DefaultTestContextBootstrapper : Using TestExecutionListeners: [org.springframework.test.context.web.ServletTestExecutionListener@4417755b, org.springframework.test.context.support.DirtiesContextBeforeModesTestExecutionListener@3811464b, org.springframework.test.context.event.ApplicationEventsTestExecutionListener@5f0a5848, org.springframework.boot.test.mock.mockito.MockitoTestExecutionListener@c6db00d, org.springframework.test.context.support.DependencyInjectionTestExecutionListener@732fa176, org.springframework.test.context.support.DirtiesContextTestExecutionListener@413e8246, org.springframework.test.context.transaction.TransactionalTestExecutionListener@4c7b4a31, org.springframework.test.context.jdbc.SqlScriptsTestExecutionListener@2df7766b, org.springframework.test.context.event.EventPublishingTestExecutionListener@235d46b2, org.springframework.boot.test.autoconfigure.restdocs.RestDocsTestExecutionListener@1644cc2d, org.springframework.boot.test.autoconfigure.web.client.MockRestServiceServerResetTestExecutionListener@f83616, org.springframework.boot.test.autoconfigure.web.servlet.MockMvcPrintOnlyOnFailureTestExecutionListener@162a5c4c, org.springframework.boot.test.autoconfigure.web.servlet.WebDriverTestExecutionListener@5f0bf0ed, org.springframework.boot.test.autoconfigure.webservices.client.MockWebServiceServerTestExecutionListener@6f9e6a85, org.springframework.boot.test.mock.mockito.ResetMocksTestExecutionListener@2e17a9e6]
]]></system-out>
  <system-err><![CDATA[]]></system-err>
</testsuite>
