<?xml version="1.0" encoding="UTF-8"?>
<testsuite name="br.com.challenge.modules.security.config.JwtUtilTest" tests="4" skipped="0" failures="0" errors="0" timestamp="2022-09-15T22:41:18" hostname="pop-os" time="0.052">
  <properties/>
  <testcase name="GetUsername Return When SuccessFull" classname="br.com.challenge.modules.security.config.JwtUtilTest" time="0.023"/>
  <testcase name="IsTokenValid When SuccessFull" classname="br.com.challenge.modules.security.config.JwtUtilTest" time="0.022"/>
  <testcase name="Generation Token When SuccessFull" classname="br.com.challenge.modules.security.config.JwtUtilTest" time="0.001"/>
  <testcase name="GetClaims Token When SuccessFull" classname="br.com.challenge.modules.security.config.JwtUtilTest" time="0.006"/>
  <system-out><![CDATA[]]></system-out>
  <system-err><![CDATA[]]></system-err>
</testsuite>
