<?xml version="1.0" encoding="UTF-8"?>
<testsuite name="br.com.challenge.modules.person.controller.PersonControllerTest" tests="6" skipped="0" failures="0" errors="0" timestamp="2022-09-15T19:07:19" hostname="pop-os" time="0.03">
  <properties/>
  <testcase name="FindAllPageable Return List Of When SuccessFull" classname="br.com.challenge.modules.person.controller.PersonControllerTest" time="0.012"/>
  <testcase name="Update Person When SucessFull" classname="br.com.challenge.modules.person.controller.PersonControllerTest" time="0.004"/>
  <testcase name="Delete Remove Person When SuccessFull" classname="br.com.challenge.modules.person.controller.PersonControllerTest" time="0.002"/>
  <testcase name="Saved Persist Person When SucessFull" classname="br.com.challenge.modules.person.controller.PersonControllerTest" time="0.003"/>
  <testcase name="FindById Return Person When SuccessFull" classname="br.com.challenge.modules.person.controller.PersonControllerTest" time="0.002"/>
  <testcase name="FindAllNonPageable Return List Of When SuccessFull" classname="br.com.challenge.modules.person.controller.PersonControllerTest" time="0.002"/>
  <system-out><![CDATA[2022-09-15 16:07:19.616  INFO 119750 --- [    Test worker] o.s.t.c.s.DefaultTestContextBootstrapper : Neither @ContextConfiguration nor @ContextHierarchy found for test class [br.com.challenge.modules.person.controller.PersonControllerTest], using DelegatingSmartContextLoader
2022-09-15 16:07:19.616  INFO 119750 --- [    Test worker] o.s.t.c.support.AbstractContextLoader    : Could not detect default resource locations for test class [br.com.challenge.modules.person.controller.PersonControllerTest]: no resource found for suffixes {-context.xml}.
2022-09-15 16:07:19.616  INFO 119750 --- [    Test worker] t.c.s.AnnotationConfigContextLoaderUtils : Could not detect default configuration classes for test class [br.com.challenge.modules.person.controller.PersonControllerTest]: PersonControllerTest does not declare any static, non-private, non-final, nested classes annotated with @Configuration.
2022-09-15 16:07:19.617  INFO 119750 --- [    Test worker] o.s.t.c.s.DefaultTestContextBootstrapper : Loaded default TestExecutionListener class names from location [META-INF/spring.factories]: [org.springframework.boot.test.autoconfigure.restdocs.RestDocsTestExecutionListener, org.springframework.boot.test.autoconfigure.web.client.MockRestServiceServerResetTestExecutionListener, org.springframework.boot.test.autoconfigure.web.servlet.MockMvcPrintOnlyOnFailureTestExecutionListener, org.springframework.boot.test.autoconfigure.web.servlet.WebDriverTestExecutionListener, org.springframework.boot.test.autoconfigure.webservices.client.MockWebServiceServerTestExecutionListener, org.springframework.boot.test.mock.mockito.MockitoTestExecutionListener, org.springframework.boot.test.mock.mockito.ResetMocksTestExecutionListener, org.springframework.test.context.web.ServletTestExecutionListener, org.springframework.test.context.support.DirtiesContextBeforeModesTestExecutionListener, org.springframework.test.context.event.ApplicationEventsTestExecutionListener, org.springframework.test.context.support.DependencyInjectionTestExecutionListener, org.springframework.test.context.support.DirtiesContextTestExecutionListener, org.springframework.test.context.transaction.TransactionalTestExecutionListener, org.springframework.test.context.jdbc.SqlScriptsTestExecutionListener, org.springframework.test.context.event.EventPublishingTestExecutionListener]
2022-09-15 16:07:19.617  INFO 119750 --- [    Test worker] o.s.t.c.s.DefaultTestContextBootstrapper : Using TestExecutionListeners: [org.springframework.test.context.web.ServletTestExecutionListener@4b8601a1, org.springframework.test.context.support.DirtiesContextBeforeModesTestExecutionListener@3f7a7ce6, org.springframework.test.context.event.ApplicationEventsTestExecutionListener@1de6689c, org.springframework.boot.test.mock.mockito.MockitoTestExecutionListener@3d8512e9, org.springframework.test.context.support.DependencyInjectionTestExecutionListener@46f597f1, org.springframework.test.context.support.DirtiesContextTestExecutionListener@2a045e85, org.springframework.test.context.transaction.TransactionalTestExecutionListener@48861d1, org.springframework.test.context.jdbc.SqlScriptsTestExecutionListener@118f39f3, org.springframework.test.context.event.EventPublishingTestExecutionListener@7baf7e2c, org.springframework.boot.test.autoconfigure.restdocs.RestDocsTestExecutionListener@73d7e7aa, org.springframework.boot.test.autoconfigure.web.client.MockRestServiceServerResetTestExecutionListener@349686e8, org.springframework.boot.test.autoconfigure.web.servlet.MockMvcPrintOnlyOnFailureTestExecutionListener@5c3e7128, org.springframework.boot.test.autoconfigure.web.servlet.WebDriverTestExecutionListener@5ce03a9d, org.springframework.boot.test.autoconfigure.webservices.client.MockWebServiceServerTestExecutionListener@10c67c1c, org.springframework.boot.test.mock.mockito.ResetMocksTestExecutionListener@1067192a]
]]></system-out>
  <system-err><![CDATA[]]></system-err>
</testsuite>
