<?xml version="1.0" encoding="UTF-8"?>
<testsuite name="br.com.challenge.modules.security.service.UserDetailsServiceImplTest" tests="1" skipped="0" failures="0" errors="0" timestamp="2022-09-16T01:28:27" hostname="pop-os" time="0.002">
  <properties/>
  <testcase name="loadUserByUsername When SucessFull" classname="br.com.challenge.modules.security.service.UserDetailsServiceImplTest" time="0.002"/>
  <system-out><![CDATA[2022-09-15 22:28:27.526  INFO 21736 --- [    Test worker] o.s.t.c.s.DefaultTestContextBootstrapper : Neither @ContextConfiguration nor @ContextHierarchy found for test class [br.com.challenge.modules.security.service.UserDetailsServiceImplTest], using DelegatingSmartContextLoader
2022-09-15 22:28:27.526  INFO 21736 --- [    Test worker] o.s.t.c.support.AbstractContextLoader    : Could not detect default resource locations for test class [br.com.challenge.modules.security.service.UserDetailsServiceImplTest]: no resource found for suffixes {-context.xml}.
2022-09-15 22:28:27.527  INFO 21736 --- [    Test worker] t.c.s.AnnotationConfigContextLoaderUtils : Could not detect default configuration classes for test class [br.com.challenge.modules.security.service.UserDetailsServiceImplTest]: UserDetailsServiceImplTest does not declare any static, non-private, non-final, nested classes annotated with @Configuration.
2022-09-15 22:28:27.527  INFO 21736 --- [    Test worker] o.s.t.c.s.DefaultTestContextBootstrapper : Loaded default TestExecutionListener class names from location [META-INF/spring.factories]: [org.springframework.boot.test.autoconfigure.restdocs.RestDocsTestExecutionListener, org.springframework.boot.test.autoconfigure.web.client.MockRestServiceServerResetTestExecutionListener, org.springframework.boot.test.autoconfigure.web.servlet.MockMvcPrintOnlyOnFailureTestExecutionListener, org.springframework.boot.test.autoconfigure.web.servlet.WebDriverTestExecutionListener, org.springframework.boot.test.autoconfigure.webservices.client.MockWebServiceServerTestExecutionListener, org.springframework.boot.test.mock.mockito.MockitoTestExecutionListener, org.springframework.boot.test.mock.mockito.ResetMocksTestExecutionListener, org.springframework.test.context.web.ServletTestExecutionListener, org.springframework.test.context.support.DirtiesContextBeforeModesTestExecutionListener, org.springframework.test.context.event.ApplicationEventsTestExecutionListener, org.springframework.test.context.support.DependencyInjectionTestExecutionListener, org.springframework.test.context.support.DirtiesContextTestExecutionListener, org.springframework.test.context.transaction.TransactionalTestExecutionListener, org.springframework.test.context.jdbc.SqlScriptsTestExecutionListener, org.springframework.test.context.event.EventPublishingTestExecutionListener]
2022-09-15 22:28:27.527  INFO 21736 --- [    Test worker] o.s.t.c.s.DefaultTestContextBootstrapper : Using TestExecutionListeners: [org.springframework.test.context.web.ServletTestExecutionListener@7b5e5fa, org.springframework.test.context.support.DirtiesContextBeforeModesTestExecutionListener@24caa80, org.springframework.test.context.event.ApplicationEventsTestExecutionListener@3420547, org.springframework.boot.test.mock.mockito.MockitoTestExecutionListener@44d36b56, org.springframework.test.context.support.DependencyInjectionTestExecutionListener@6ce1cc03, org.springframework.test.context.support.DirtiesContextTestExecutionListener@b1e63b5, org.springframework.test.context.transaction.TransactionalTestExecutionListener@186537ac, org.springframework.test.context.jdbc.SqlScriptsTestExecutionListener@4733662d, org.springframework.test.context.event.EventPublishingTestExecutionListener@25502b1c, org.springframework.boot.test.autoconfigure.restdocs.RestDocsTestExecutionListener@5dabe7c8, org.springframework.boot.test.autoconfigure.web.client.MockRestServiceServerResetTestExecutionListener@6c427386, org.springframework.boot.test.autoconfigure.web.servlet.MockMvcPrintOnlyOnFailureTestExecutionListener@301c622d, org.springframework.boot.test.autoconfigure.web.servlet.WebDriverTestExecutionListener@14b0b7f9, org.springframework.boot.test.autoconfigure.webservices.client.MockWebServiceServerTestExecutionListener@16a78700, org.springframework.boot.test.mock.mockito.ResetMocksTestExecutionListener@69860811]
]]></system-out>
  <system-err><![CDATA[]]></system-err>
</testsuite>
