<?xml version="1.0" encoding="UTF-8"?>
<testsuite name="UserDetailsServiceImplTest" tests="7" skipped="0" failures="0" errors="0" timestamp="2022-09-16T01:28:27" hostname="pop-os" time="0.02">
  <properties/>
  <testcase name="getPassword()" classname="br.com.challenge.modules.person.entity.PersonTest" time="0.003"/>
  <testcase name="getAuthorities()" classname="br.com.challenge.modules.person.entity.PersonTest" time="0.002"/>
  <testcase name="isAccountNonExpired()" classname="br.com.challenge.modules.person.entity.PersonTest" time="0.002"/>
  <testcase name="isCredentialsNonExpired()" classname="br.com.challenge.modules.person.entity.PersonTest" time="0.002"/>
  <testcase name="isAccountNonLocked()" classname="br.com.challenge.modules.person.entity.PersonTest" time="0.001"/>
  <testcase name="getUsername()" classname="br.com.challenge.modules.person.entity.PersonTest" time="0.002"/>
  <testcase name="isEnabled()" classname="br.com.challenge.modules.person.entity.PersonTest" time="0.001"/>
  <system-out><![CDATA[2022-09-15 22:28:27.301  INFO 21736 --- [    Test worker] o.s.t.c.s.DefaultTestContextBootstrapper : Neither @ContextConfiguration nor @ContextHierarchy found for test class [br.com.challenge.modules.person.entity.PersonTest], using DelegatingSmartContextLoader
2022-09-15 22:28:27.302  INFO 21736 --- [    Test worker] o.s.t.c.support.AbstractContextLoader    : Could not detect default resource locations for test class [br.com.challenge.modules.person.entity.PersonTest]: no resource found for suffixes {-context.xml}.
2022-09-15 22:28:27.302  INFO 21736 --- [    Test worker] t.c.s.AnnotationConfigContextLoaderUtils : Could not detect default configuration classes for test class [br.com.challenge.modules.person.entity.PersonTest]: PersonTest does not declare any static, non-private, non-final, nested classes annotated with @Configuration.
2022-09-15 22:28:27.302  INFO 21736 --- [    Test worker] o.s.t.c.s.DefaultTestContextBootstrapper : Loaded default TestExecutionListener class names from location [META-INF/spring.factories]: [org.springframework.boot.test.autoconfigure.restdocs.RestDocsTestExecutionListener, org.springframework.boot.test.autoconfigure.web.client.MockRestServiceServerResetTestExecutionListener, org.springframework.boot.test.autoconfigure.web.servlet.MockMvcPrintOnlyOnFailureTestExecutionListener, org.springframework.boot.test.autoconfigure.web.servlet.WebDriverTestExecutionListener, org.springframework.boot.test.autoconfigure.webservices.client.MockWebServiceServerTestExecutionListener, org.springframework.boot.test.mock.mockito.MockitoTestExecutionListener, org.springframework.boot.test.mock.mockito.ResetMocksTestExecutionListener, org.springframework.test.context.web.ServletTestExecutionListener, org.springframework.test.context.support.DirtiesContextBeforeModesTestExecutionListener, org.springframework.test.context.event.ApplicationEventsTestExecutionListener, org.springframework.test.context.support.DependencyInjectionTestExecutionListener, org.springframework.test.context.support.DirtiesContextTestExecutionListener, org.springframework.test.context.transaction.TransactionalTestExecutionListener, org.springframework.test.context.jdbc.SqlScriptsTestExecutionListener, org.springframework.test.context.event.EventPublishingTestExecutionListener]
2022-09-15 22:28:27.302  INFO 21736 --- [    Test worker] o.s.t.c.s.DefaultTestContextBootstrapper : Using TestExecutionListeners: [org.springframework.test.context.web.ServletTestExecutionListener@27a23d87, org.springframework.test.context.support.DirtiesContextBeforeModesTestExecutionListener@72155315, org.springframework.test.context.event.ApplicationEventsTestExecutionListener@2cbae0f1, org.springframework.boot.test.mock.mockito.MockitoTestExecutionListener@3bf4b018, org.springframework.test.context.support.DependencyInjectionTestExecutionListener@d8cece4, org.springframework.test.context.support.DirtiesContextTestExecutionListener@55d98bbb, org.springframework.test.context.transaction.TransactionalTestExecutionListener@2e9f5499, org.springframework.test.context.jdbc.SqlScriptsTestExecutionListener@30f54522, org.springframework.test.context.event.EventPublishingTestExecutionListener@5af47414, org.springframework.boot.test.autoconfigure.restdocs.RestDocsTestExecutionListener@43e9a8a2, org.springframework.boot.test.autoconfigure.web.client.MockRestServiceServerResetTestExecutionListener@178617da, org.springframework.boot.test.autoconfigure.web.servlet.MockMvcPrintOnlyOnFailureTestExecutionListener@d408c5d, org.springframework.boot.test.autoconfigure.web.servlet.WebDriverTestExecutionListener@74ed1d35, org.springframework.boot.test.autoconfigure.webservices.client.MockWebServiceServerTestExecutionListener@7acf07b2, org.springframework.boot.test.mock.mockito.ResetMocksTestExecutionListener@5d50e7f6]
]]></system-out>
  <system-err><![CDATA[]]></system-err>
</testsuite>
