<?xml version="1.0" encoding="UTF-8"?>
<testsuite name="br.com.challenge.modules.security.controller.AuthControllerTest" tests="2" skipped="0" failures="0" errors="0" timestamp="2022-09-15T19:07:19" hostname="pop-os" time="0.005">
  <properties/>
  <testcase name="Login When SucessFull" classname="br.com.challenge.modules.security.controller.AuthControllerTest" time="0.003"/>
  <testcase name="Login When Failed" classname="br.com.challenge.modules.security.controller.AuthControllerTest" time="0.001"/>
  <system-out><![CDATA[2022-09-15 16:07:19.945  INFO 119750 --- [    Test worker] o.s.t.c.s.DefaultTestContextBootstrapper : Neither @ContextConfiguration nor @ContextHierarchy found for test class [br.com.challenge.modules.security.controller.AuthControllerTest], using DelegatingSmartContextLoader
2022-09-15 16:07:19.945  INFO 119750 --- [    Test worker] o.s.t.c.support.AbstractContextLoader    : Could not detect default resource locations for test class [br.com.challenge.modules.security.controller.AuthControllerTest]: no resource found for suffixes {-context.xml}.
2022-09-15 16:07:19.945  INFO 119750 --- [    Test worker] t.c.s.AnnotationConfigContextLoaderUtils : Could not detect default configuration classes for test class [br.com.challenge.modules.security.controller.AuthControllerTest]: AuthControllerTest does not declare any static, non-private, non-final, nested classes annotated with @Configuration.
2022-09-15 16:07:19.946  INFO 119750 --- [    Test worker] o.s.t.c.s.DefaultTestContextBootstrapper : Loaded default TestExecutionListener class names from location [META-INF/spring.factories]: [org.springframework.boot.test.autoconfigure.restdocs.RestDocsTestExecutionListener, org.springframework.boot.test.autoconfigure.web.client.MockRestServiceServerResetTestExecutionListener, org.springframework.boot.test.autoconfigure.web.servlet.MockMvcPrintOnlyOnFailureTestExecutionListener, org.springframework.boot.test.autoconfigure.web.servlet.WebDriverTestExecutionListener, org.springframework.boot.test.autoconfigure.webservices.client.MockWebServiceServerTestExecutionListener, org.springframework.boot.test.mock.mockito.MockitoTestExecutionListener, org.springframework.boot.test.mock.mockito.ResetMocksTestExecutionListener, org.springframework.test.context.web.ServletTestExecutionListener, org.springframework.test.context.support.DirtiesContextBeforeModesTestExecutionListener, org.springframework.test.context.event.ApplicationEventsTestExecutionListener, org.springframework.test.context.support.DependencyInjectionTestExecutionListener, org.springframework.test.context.support.DirtiesContextTestExecutionListener, org.springframework.test.context.transaction.TransactionalTestExecutionListener, org.springframework.test.context.jdbc.SqlScriptsTestExecutionListener, org.springframework.test.context.event.EventPublishingTestExecutionListener]
2022-09-15 16:07:19.946  INFO 119750 --- [    Test worker] o.s.t.c.s.DefaultTestContextBootstrapper : Using TestExecutionListeners: [org.springframework.test.context.web.ServletTestExecutionListener@403f6c04, org.springframework.test.context.support.DirtiesContextBeforeModesTestExecutionListener@2693e39c, org.springframework.test.context.event.ApplicationEventsTestExecutionListener@4bbabec8, org.springframework.boot.test.mock.mockito.MockitoTestExecutionListener@1043c493, org.springframework.test.context.support.DependencyInjectionTestExecutionListener@2b27d5d3, org.springframework.test.context.support.DirtiesContextTestExecutionListener@12115c28, org.springframework.test.context.transaction.TransactionalTestExecutionListener@cc3fc5c, org.springframework.test.context.jdbc.SqlScriptsTestExecutionListener@2aac60b, org.springframework.test.context.event.EventPublishingTestExecutionListener@173602c0, org.springframework.boot.test.autoconfigure.restdocs.RestDocsTestExecutionListener@fdeec12, org.springframework.boot.test.autoconfigure.web.client.MockRestServiceServerResetTestExecutionListener@1cecd0a9, org.springframework.boot.test.autoconfigure.web.servlet.MockMvcPrintOnlyOnFailureTestExecutionListener@4822d7a1, org.springframework.boot.test.autoconfigure.web.servlet.WebDriverTestExecutionListener@6fa5fc67, org.springframework.boot.test.autoconfigure.webservices.client.MockWebServiceServerTestExecutionListener@17e323fd, org.springframework.boot.test.mock.mockito.ResetMocksTestExecutionListener@6df0d030]
]]></system-out>
  <system-err><![CDATA[]]></system-err>
</testsuite>
