<?xml version="1.0" encoding="UTF-8"?>
<testsuite name="br.com.challenge.modules.account.service.AccountServiceTest" tests="4" skipped="0" failures="0" errors="0" timestamp="2022-09-15T19:07:19" hostname="pop-os" time="0.032">
  <properties/>
  <testcase name="Transfer Persist Account When SucessFull" classname="br.com.challenge.modules.account.service.AccountServiceTest" time="0.018"/>
  <testcase name="Saved Persist Account When SucessFull" classname="br.com.challenge.modules.account.service.AccountServiceTest" time="0.006"/>
  <testcase name="Withdraw Persist Account When SucessFull" classname="br.com.challenge.modules.account.service.AccountServiceTest" time="0.003"/>
  <testcase name="Deposit Persist Account When SucessFull" classname="br.com.challenge.modules.account.service.AccountServiceTest" time="0.003"/>
  <system-out><![CDATA[2022-09-15 16:07:19.490  INFO 119750 --- [    Test worker] o.s.t.c.s.DefaultTestContextBootstrapper : Neither @ContextConfiguration nor @ContextHierarchy found for test class [br.com.challenge.modules.account.service.AccountServiceTest], using DelegatingSmartContextLoader
2022-09-15 16:07:19.491  INFO 119750 --- [    Test worker] o.s.t.c.support.AbstractContextLoader    : Could not detect default resource locations for test class [br.com.challenge.modules.account.service.AccountServiceTest]: no resource found for suffixes {-context.xml}.
2022-09-15 16:07:19.491  INFO 119750 --- [    Test worker] t.c.s.AnnotationConfigContextLoaderUtils : Could not detect default configuration classes for test class [br.com.challenge.modules.account.service.AccountServiceTest]: AccountServiceTest does not declare any static, non-private, non-final, nested classes annotated with @Configuration.
2022-09-15 16:07:19.492  INFO 119750 --- [    Test worker] o.s.t.c.s.DefaultTestContextBootstrapper : Loaded default TestExecutionListener class names from location [META-INF/spring.factories]: [org.springframework.boot.test.autoconfigure.restdocs.RestDocsTestExecutionListener, org.springframework.boot.test.autoconfigure.web.client.MockRestServiceServerResetTestExecutionListener, org.springframework.boot.test.autoconfigure.web.servlet.MockMvcPrintOnlyOnFailureTestExecutionListener, org.springframework.boot.test.autoconfigure.web.servlet.WebDriverTestExecutionListener, org.springframework.boot.test.autoconfigure.webservices.client.MockWebServiceServerTestExecutionListener, org.springframework.boot.test.mock.mockito.MockitoTestExecutionListener, org.springframework.boot.test.mock.mockito.ResetMocksTestExecutionListener, org.springframework.test.context.web.ServletTestExecutionListener, org.springframework.test.context.support.DirtiesContextBeforeModesTestExecutionListener, org.springframework.test.context.event.ApplicationEventsTestExecutionListener, org.springframework.test.context.support.DependencyInjectionTestExecutionListener, org.springframework.test.context.support.DirtiesContextTestExecutionListener, org.springframework.test.context.transaction.TransactionalTestExecutionListener, org.springframework.test.context.jdbc.SqlScriptsTestExecutionListener, org.springframework.test.context.event.EventPublishingTestExecutionListener]
2022-09-15 16:07:19.493  INFO 119750 --- [    Test worker] o.s.t.c.s.DefaultTestContextBootstrapper : Using TestExecutionListeners: [org.springframework.test.context.web.ServletTestExecutionListener@395c21ee, org.springframework.test.context.support.DirtiesContextBeforeModesTestExecutionListener@1e733bb5, org.springframework.test.context.event.ApplicationEventsTestExecutionListener@669e730d, org.springframework.boot.test.mock.mockito.MockitoTestExecutionListener@4b3e4253, org.springframework.test.context.support.DependencyInjectionTestExecutionListener@13b5598b, org.springframework.test.context.support.DirtiesContextTestExecutionListener@141c66db, org.springframework.test.context.transaction.TransactionalTestExecutionListener@18f794e, org.springframework.test.context.jdbc.SqlScriptsTestExecutionListener@389a9ff6, org.springframework.test.context.event.EventPublishingTestExecutionListener@15af06f, org.springframework.boot.test.autoconfigure.restdocs.RestDocsTestExecutionListener@76876421, org.springframework.boot.test.autoconfigure.web.client.MockRestServiceServerResetTestExecutionListener@c3836b6, org.springframework.boot.test.autoconfigure.web.servlet.MockMvcPrintOnlyOnFailureTestExecutionListener@60317de8, org.springframework.boot.test.autoconfigure.web.servlet.WebDriverTestExecutionListener@363e2009, org.springframework.boot.test.autoconfigure.webservices.client.MockWebServiceServerTestExecutionListener@7b55fc83, org.springframework.boot.test.mock.mockito.ResetMocksTestExecutionListener@3615f8d9]
]]></system-out>
  <system-err><![CDATA[]]></system-err>
</testsuite>
