<?xml version="1.0" encoding="UTF-8"?>
<testsuite name="br.com.challenge.modules.security.config.JwtUtilTest" tests="4" skipped="0" failures="0" errors="0" timestamp="2022-09-15T19:07:19" hostname="pop-os" time="0.109">
  <properties/>
  <testcase name="GetUsername Return When SuccessFull" classname="br.com.challenge.modules.security.config.JwtUtilTest" time="0.076"/>
  <testcase name="IsTokenValid When SuccessFull" classname="br.com.challenge.modules.security.config.JwtUtilTest" time="0.025"/>
  <testcase name="Generation Token When SuccessFull" classname="br.com.challenge.modules.security.config.JwtUtilTest" time="0.0"/>
  <testcase name="GetClaims Token When SuccessFull" classname="br.com.challenge.modules.security.config.JwtUtilTest" time="0.006"/>
  <system-out><![CDATA[]]></system-out>
  <system-err><![CDATA[]]></system-err>
</testsuite>
