<?xml version="1.0" encoding="UTF-8"?>
<testsuite name="br.com.challenge.modules.security.controller.AuthControllerTest" tests="2" skipped="0" failures="0" errors="0" timestamp="2022-09-16T01:28:27" hostname="pop-os" time="0.006">
  <properties/>
  <testcase name="Login When SucessFull" classname="br.com.challenge.modules.security.controller.AuthControllerTest" time="0.003"/>
  <testcase name="Login When Failed" classname="br.com.challenge.modules.security.controller.AuthControllerTest" time="0.002"/>
  <system-out><![CDATA[2022-09-15 22:28:27.497  INFO 21736 --- [    Test worker] o.s.t.c.s.DefaultTestContextBootstrapper : Neither @ContextConfiguration nor @ContextHierarchy found for test class [br.com.challenge.modules.security.controller.AuthControllerTest], using DelegatingSmartContextLoader
2022-09-15 22:28:27.497  INFO 21736 --- [    Test worker] o.s.t.c.support.AbstractContextLoader    : Could not detect default resource locations for test class [br.com.challenge.modules.security.controller.AuthControllerTest]: no resource found for suffixes {-context.xml}.
2022-09-15 22:28:27.498  INFO 21736 --- [    Test worker] t.c.s.AnnotationConfigContextLoaderUtils : Could not detect default configuration classes for test class [br.com.challenge.modules.security.controller.AuthControllerTest]: AuthControllerTest does not declare any static, non-private, non-final, nested classes annotated with @Configuration.
2022-09-15 22:28:27.498  INFO 21736 --- [    Test worker] o.s.t.c.s.DefaultTestContextBootstrapper : Loaded default TestExecutionListener class names from location [META-INF/spring.factories]: [org.springframework.boot.test.autoconfigure.restdocs.RestDocsTestExecutionListener, org.springframework.boot.test.autoconfigure.web.client.MockRestServiceServerResetTestExecutionListener, org.springframework.boot.test.autoconfigure.web.servlet.MockMvcPrintOnlyOnFailureTestExecutionListener, org.springframework.boot.test.autoconfigure.web.servlet.WebDriverTestExecutionListener, org.springframework.boot.test.autoconfigure.webservices.client.MockWebServiceServerTestExecutionListener, org.springframework.boot.test.mock.mockito.MockitoTestExecutionListener, org.springframework.boot.test.mock.mockito.ResetMocksTestExecutionListener, org.springframework.test.context.web.ServletTestExecutionListener, org.springframework.test.context.support.DirtiesContextBeforeModesTestExecutionListener, org.springframework.test.context.event.ApplicationEventsTestExecutionListener, org.springframework.test.context.support.DependencyInjectionTestExecutionListener, org.springframework.test.context.support.DirtiesContextTestExecutionListener, org.springframework.test.context.transaction.TransactionalTestExecutionListener, org.springframework.test.context.jdbc.SqlScriptsTestExecutionListener, org.springframework.test.context.event.EventPublishingTestExecutionListener]
2022-09-15 22:28:27.498  INFO 21736 --- [    Test worker] o.s.t.c.s.DefaultTestContextBootstrapper : Using TestExecutionListeners: [org.springframework.test.context.web.ServletTestExecutionListener@360d0c7a, org.springframework.test.context.support.DirtiesContextBeforeModesTestExecutionListener@32f8a37b, org.springframework.test.context.event.ApplicationEventsTestExecutionListener@657e7e8, org.springframework.boot.test.mock.mockito.MockitoTestExecutionListener@1b4ade78, org.springframework.test.context.support.DependencyInjectionTestExecutionListener@45fa7fb7, org.springframework.test.context.support.DirtiesContextTestExecutionListener@32eeef08, org.springframework.test.context.transaction.TransactionalTestExecutionListener@bbf361a, org.springframework.test.context.jdbc.SqlScriptsTestExecutionListener@46cb800b, org.springframework.test.context.event.EventPublishingTestExecutionListener@505a48a2, org.springframework.boot.test.autoconfigure.restdocs.RestDocsTestExecutionListener@15096b0e, org.springframework.boot.test.autoconfigure.web.client.MockRestServiceServerResetTestExecutionListener@67748053, org.springframework.boot.test.autoconfigure.web.servlet.MockMvcPrintOnlyOnFailureTestExecutionListener@7da59f6e, org.springframework.boot.test.autoconfigure.web.servlet.WebDriverTestExecutionListener@7fb8d720, org.springframework.boot.test.autoconfigure.webservices.client.MockWebServiceServerTestExecutionListener@21b792c2, org.springframework.boot.test.mock.mockito.ResetMocksTestExecutionListener@6202f8bf]
]]></system-out>
  <system-err><![CDATA[]]></system-err>
</testsuite>
