<?xml version="1.0" encoding="UTF-8"?>
<testsuite name="br.com.challenge.modules.person.controller.PersonControllerTest" tests="6" skipped="0" failures="0" errors="0" timestamp="2022-09-15T22:41:18" hostname="pop-os" time="0.022">
  <properties/>
  <testcase name="FindAllPageable Return List Of When SuccessFull" classname="br.com.challenge.modules.person.controller.PersonControllerTest" time="0.006"/>
  <testcase name="Update Person When SucessFull" classname="br.com.challenge.modules.person.controller.PersonControllerTest" time="0.003"/>
  <testcase name="Delete Remove Person When SuccessFull" classname="br.com.challenge.modules.person.controller.PersonControllerTest" time="0.002"/>
  <testcase name="Saved Persist Person When SucessFull" classname="br.com.challenge.modules.person.controller.PersonControllerTest" time="0.002"/>
  <testcase name="FindById Return Person When SuccessFull" classname="br.com.challenge.modules.person.controller.PersonControllerTest" time="0.002"/>
  <testcase name="FindAllNonPageable Return List Of When SuccessFull" classname="br.com.challenge.modules.person.controller.PersonControllerTest" time="0.002"/>
  <system-out><![CDATA[2022-09-15 19:41:18.338  INFO 159290 --- [    Test worker] o.s.t.c.s.DefaultTestContextBootstrapper : Neither @ContextConfiguration nor @ContextHierarchy found for test class [br.com.challenge.modules.person.controller.PersonControllerTest], using DelegatingSmartContextLoader
2022-09-15 19:41:18.339  INFO 159290 --- [    Test worker] o.s.t.c.support.AbstractContextLoader    : Could not detect default resource locations for test class [br.com.challenge.modules.person.controller.PersonControllerTest]: no resource found for suffixes {-context.xml}.
2022-09-15 19:41:18.339  INFO 159290 --- [    Test worker] t.c.s.AnnotationConfigContextLoaderUtils : Could not detect default configuration classes for test class [br.com.challenge.modules.person.controller.PersonControllerTest]: PersonControllerTest does not declare any static, non-private, non-final, nested classes annotated with @Configuration.
2022-09-15 19:41:18.339  INFO 159290 --- [    Test worker] o.s.t.c.s.DefaultTestContextBootstrapper : Loaded default TestExecutionListener class names from location [META-INF/spring.factories]: [org.springframework.boot.test.autoconfigure.restdocs.RestDocsTestExecutionListener, org.springframework.boot.test.autoconfigure.web.client.MockRestServiceServerResetTestExecutionListener, org.springframework.boot.test.autoconfigure.web.servlet.MockMvcPrintOnlyOnFailureTestExecutionListener, org.springframework.boot.test.autoconfigure.web.servlet.WebDriverTestExecutionListener, org.springframework.boot.test.autoconfigure.webservices.client.MockWebServiceServerTestExecutionListener, org.springframework.boot.test.mock.mockito.MockitoTestExecutionListener, org.springframework.boot.test.mock.mockito.ResetMocksTestExecutionListener, org.springframework.test.context.web.ServletTestExecutionListener, org.springframework.test.context.support.DirtiesContextBeforeModesTestExecutionListener, org.springframework.test.context.event.ApplicationEventsTestExecutionListener, org.springframework.test.context.support.DependencyInjectionTestExecutionListener, org.springframework.test.context.support.DirtiesContextTestExecutionListener, org.springframework.test.context.transaction.TransactionalTestExecutionListener, org.springframework.test.context.jdbc.SqlScriptsTestExecutionListener, org.springframework.test.context.event.EventPublishingTestExecutionListener]
2022-09-15 19:41:18.339  INFO 159290 --- [    Test worker] o.s.t.c.s.DefaultTestContextBootstrapper : Using TestExecutionListeners: [org.springframework.test.context.web.ServletTestExecutionListener@7c9b0c16, org.springframework.test.context.support.DirtiesContextBeforeModesTestExecutionListener@34e1c23d, org.springframework.test.context.event.ApplicationEventsTestExecutionListener@240fa4ad, org.springframework.boot.test.mock.mockito.MockitoTestExecutionListener@4fb3c670, org.springframework.test.context.support.DependencyInjectionTestExecutionListener@6b6c882c, org.springframework.test.context.support.DirtiesContextTestExecutionListener@51a65f56, org.springframework.test.context.transaction.TransactionalTestExecutionListener@8d5b303, org.springframework.test.context.jdbc.SqlScriptsTestExecutionListener@5984742f, org.springframework.test.context.event.EventPublishingTestExecutionListener@56a6aadb, org.springframework.boot.test.autoconfigure.restdocs.RestDocsTestExecutionListener@359903b6, org.springframework.boot.test.autoconfigure.web.client.MockRestServiceServerResetTestExecutionListener@1071f3ad, org.springframework.boot.test.autoconfigure.web.servlet.MockMvcPrintOnlyOnFailureTestExecutionListener@6aaed880, org.springframework.boot.test.autoconfigure.web.servlet.WebDriverTestExecutionListener@9bd477c, org.springframework.boot.test.autoconfigure.webservices.client.MockWebServiceServerTestExecutionListener@7444714e, org.springframework.boot.test.mock.mockito.ResetMocksTestExecutionListener@6b3708f0]
]]></system-out>
  <system-err><![CDATA[]]></system-err>
</testsuite>
